<?xml version="1.0" encoding="UTF-8"?>
<!-- Generated by org.testng.reporters.JUnitXMLReporter -->
<testsuite ignored="0" hostname="Parthas-MacBook-Air.local" failures="0" tests="3" name="Default test" time="28.9" errors="0" timestamp="2026-06-25T22:51:40 EDT">
  <testcase classname="com.automationexcersie.testngtest.LoginTestNGTest" name="validLoginTest" time="3.136"/>
  <testcase classname="com.automationexcersie.testngtest.LoginTestNGTest" name="InvalidLoginTestWithInvlaidEmail" time="4.227"/>
  <testcase classname="com.automationexcersie.testngtest.LoginTestNGTest" name="InvalidLoginTestWithInvlaidPassword" time="2.617"/>
</testsuite> <!-- Default test -->
