<?xml version="1.0" encoding="UTF-8"?>
<testsuite xmlns:xsi="http://www.w3.org/2001/XMLSchema-instance" xsi:noNamespaceSchemaLocation="https://maven.apache.org/surefire/maven-surefire-plugin/xsd/surefire-test-report-3.0.xsd" version="3.0" name="TestSuite" time="61.415" tests="3" errors="0" skipped="0" failures="0">
  <properties>
[...]
</properties>
  <testcase name="runScenario[&quot;Login with valid email and password&quot;, &quot;User Login&quot;](1)" classname="com.automationexcersie.runners.TestRunner" time="21.285">
    <system-out><![CDATA[
@TC-01 @positive @smoke @regression
Scenario: Login with valid email and password                                                                     # src/test/resources/features/login.feature:12
https://automationexercise.com/
  Given the user is on the home page                                                                              # com.automationexcersie.stepdefinitions.LoginSteps.the_user_is_on_the_home_page()
  When the user clicks the "Login" link                                                                           # com.automationexcersie.stepdefinitions.LoginSteps.the_user_clicks_the_link(java.lang.String)
  When the user enters a valid email                                                                              # com.automationexcersie.stepdefinitions.LoginSteps.the_user_enters_a_valid_email()
  And the user enters a valid password                                                                            # com.automationexcersie.stepdefinitions.LoginSteps.the_user_enters_a_valid_password()
  And the user clicks the Login button                                                                            # com.automationexcersie.stepdefinitions.LoginSteps.the_user_clicks_the_login_button()
  Then the user should be logged in successfully ans see the "Logged in as " text should be visible in the header # com.automationexcersie.stepdefinitions.LoginSteps.the_user_should_be_logged_in_successfully_ans_see_the_text_should_be_visible_in_the_header(java.lang.String)
]]></system-out>
    <system-err><![CDATA[SLF4J(W): No SLF4J providers were found.
SLF4J(W): Defaulting to no-operation (NOP) logger implementation
SLF4J(W): See https://www.slf4j.org/codes.html#noProviders for further details.
Jun 21, 2026 10:58:44 AM org.openqa.selenium.devtools.CdpVersionFinder findNearestMatch
WARNING: Unable to find CDP implementation matching 149
Jun 21, 2026 10:58:44 AM org.openqa.selenium.chromium.ChromiumDriver lambda$new$5
WARNING: Unable to find version of CDP to use for 149.0.7827.115. You may need to include a dependency on a specific version of the CDP using something similar to `org.seleniumhq.selenium:selenium-devtools-v86:4.17.0` where the version ("v86") matches the version of the chromium-based browser you're using and the version number of the artifact is the same as Selenium's.
Jun 21, 2026 10:58:49 AM org.openqa.selenium.devtools.CdpVersionFinder findNearestMatch
WARNING: Unable to find CDP implementation matching 149
Jun 21, 2026 10:58:49 AM org.openqa.selenium.chromium.ChromiumDriver lambda$new$5
WARNING: Unable to find version of CDP to use for 149.0.7827.115. You may need to include a dependency on a specific version of the CDP using something similar to `org.seleniumhq.selenium:selenium-devtools-v86:4.17.0` where the version ("v86") matches the version of the chromium-based browser you're using and the version number of the artifact is the same as Selenium's.
]]></system-err>
  </testcase>
  <testcase name="runScenario[&quot;Login with invalid password&quot;, &quot;User Login&quot;](2)" classname="com.automationexcersie.runners.TestRunner" time="19.775">
    <system-out><![CDATA[
@TC-02 @negative @regression
Scenario: Login with invalid password                                               # src/test/resources/features/login.feature:19
https://automationexercise.com/
  Given the user is on the home page                                                # com.automationexcersie.stepdefinitions.LoginSteps.the_user_is_on_the_home_page()
  When the user clicks the "Login" link                                             # com.automationexcersie.stepdefinitions.LoginSteps.the_user_clicks_the_link(java.lang.String)
  When the user enters a valid email                                                # com.automationexcersie.stepdefinitions.LoginSteps.the_user_enters_a_valid_email()
  And the user enters an invalid password                                           # com.automationexcersie.stepdefinitions.LoginSteps.the_user_enters_an_invalid_password()
  And the user clicks the Login button                                              # com.automationexcersie.stepdefinitions.LoginSteps.the_user_clicks_the_login_button()
true
Your email or password is incorrect!
  Then the error message "Your email or password is incorrect!" should be displayed # com.automationexcersie.stepdefinitions.LoginSteps.the_error_message_should_be_displayed(java.lang.String)
]]></system-out>
    <system-err><![CDATA[Jun 21, 2026 10:59:05 AM org.openqa.selenium.devtools.CdpVersionFinder findNearestMatch
WARNING: Unable to find CDP implementation matching 149
Jun 21, 2026 10:59:05 AM org.openqa.selenium.chromium.ChromiumDriver lambda$new$5
WARNING: Unable to find version of CDP to use for 149.0.7827.115. You may need to include a dependency on a specific version of the CDP using something similar to `org.seleniumhq.selenium:selenium-devtools-v86:4.17.0` where the version ("v86") matches the version of the chromium-based browser you're using and the version number of the artifact is the same as Selenium's.
Jun 21, 2026 10:59:11 AM org.openqa.selenium.devtools.CdpVersionFinder findNearestMatch
WARNING: Unable to find CDP implementation matching 149
Jun 21, 2026 10:59:11 AM org.openqa.selenium.chromium.ChromiumDriver lambda$new$5
WARNING: Unable to find version of CDP to use for 149.0.7827.115. You may need to include a dependency on a specific version of the CDP using something similar to `org.seleniumhq.selenium:selenium-devtools-v86:4.17.0` where the version ("v86") matches the version of the chromium-based browser you're using and the version number of the artifact is the same as Selenium's.
]]></system-err>
  </testcase>
  <testcase name="runScenario[&quot;Login with invalid email&quot;, &quot;User Login&quot;](3)" classname="com.automationexcersie.runners.TestRunner" time="18.766">
    <system-out><![CDATA[
@TC-03 @negative @regression
Scenario: Login with invalid email                                                  # src/test/resources/features/login.feature:26
https://automationexercise.com/
  Given the user is on the home page                                                # com.automationexcersie.stepdefinitions.LoginSteps.the_user_is_on_the_home_page()
  When the user clicks the "Login" link                                             # com.automationexcersie.stepdefinitions.LoginSteps.the_user_clicks_the_link(java.lang.String)
  When the user enters an invalid email                                             # com.automationexcersie.stepdefinitions.LoginSteps.the_user_enters_an_invalid_email()
  And the user enters a valid password                                              # com.automationexcersie.stepdefinitions.LoginSteps.the_user_enters_a_valid_password()
  And the user clicks the Login button                                              # com.automationexcersie.stepdefinitions.LoginSteps.the_user_clicks_the_login_button()
true
Your email or password is incorrect!
  Then the error message "Your email or password is incorrect!" should be displayed # com.automationexcersie.stepdefinitions.LoginSteps.the_error_message_should_be_displayed(java.lang.String)
]]></system-out>
    <system-err><![CDATA[Jun 21, 2026 10:59:25 AM org.openqa.selenium.devtools.CdpVersionFinder findNearestMatch
WARNING: Unable to find CDP implementation matching 149
Jun 21, 2026 10:59:25 AM org.openqa.selenium.chromium.ChromiumDriver lambda$new$5
WARNING: Unable to find version of CDP to use for 149.0.7827.115. You may need to include a dependency on a specific version of the CDP using something similar to `org.seleniumhq.selenium:selenium-devtools-v86:4.17.0` where the version ("v86") matches the version of the chromium-based browser you're using and the version number of the artifact is the same as Selenium's.
Jun 21, 2026 10:59:30 AM org.openqa.selenium.devtools.CdpVersionFinder findNearestMatch
WARNING: Unable to find CDP implementation matching 149
Jun 21, 2026 10:59:30 AM org.openqa.selenium.chromium.ChromiumDriver lambda$new$5
WARNING: Unable to find version of CDP to use for 149.0.7827.115. You may need to include a dependency on a specific version of the CDP using something similar to `org.seleniumhq.selenium:selenium-devtools-v86:4.17.0` where the version ("v86") matches the version of the chromium-based browser you're using and the version number of the artifact is the same as Selenium's.
]]></system-err>
  </testcase>
</testsuite>