<?xml version="1.0" encoding="UTF-8"?>
<testng-results ignored="0" total="3" passed="3" failed="0" skipped="0">
  <reporter-output>
  </reporter-output>
  <suite started-at="2026-06-25T22:51:11 EDT" name="Default suite" finished-at="2026-06-25T22:51:40 EDT" duration-ms="28900">
    <groups>
    </groups>
    <test started-at="2026-06-25T22:51:11 EDT" name="Default test" finished-at="2026-06-25T22:51:40 EDT" duration-ms="28900">
      <class name="com.automationexcersie.testngtest.LoginTestNGTest">
        <test-method is-config="true" signature="setup()[pri:0, instance:com.automationexcersie.testngtest.LoginTestNGTest@31190526]" started-at="2026-06-25T22:51:11 EDT" name="setup" finished-at="2026-06-25T22:51:23 EDT" duration-ms="12568" status="PASS">
          <reporter-output>
          </reporter-output>
        </test-method> <!-- setup -->
        <test-method signature="validLoginTest()[pri:1, instance:com.automationexcersie.testngtest.LoginTestNGTest@31190526]" started-at="2026-06-25T22:51:23 EDT" name="validLoginTest" finished-at="2026-06-25T22:51:27 EDT" duration-ms="3136" status="PASS">
          <reporter-output>
          </reporter-output>
        </test-method> <!-- validLoginTest -->
        <test-method is-config="true" signature="teardown()[pri:0, instance:com.automationexcersie.testngtest.LoginTestNGTest@31190526]" started-at="2026-06-25T22:51:27 EDT" name="teardown" finished-at="2026-06-25T22:51:27 EDT" duration-ms="153" status="PASS">
          <reporter-output>
          </reporter-output>
        </test-method> <!-- teardown -->
        <test-method is-config="true" signature="setup()[pri:0, instance:com.automationexcersie.testngtest.LoginTestNGTest@31190526]" started-at="2026-06-25T22:51:27 EDT" name="setup" finished-at="2026-06-25T22:51:29 EDT" duration-ms="2243" status="PASS">
          <reporter-output>
          </reporter-output>
        </test-method> <!-- setup -->
        <test-method signature="InvalidLoginTestWithInvlaidEmail()[pri:2, instance:com.automationexcersie.testngtest.LoginTestNGTest@31190526]" started-at="2026-06-25T22:51:29 EDT" name="InvalidLoginTestWithInvlaidEmail" finished-at="2026-06-25T22:51:33 EDT" duration-ms="4227" status="PASS">
          <reporter-output>
          </reporter-output>
        </test-method> <!-- InvalidLoginTestWithInvlaidEmail -->
        <test-method is-config="true" signature="teardown()[pri:0, instance:com.automationexcersie.testngtest.LoginTestNGTest@31190526]" started-at="2026-06-25T22:51:33 EDT" name="teardown" finished-at="2026-06-25T22:51:33 EDT" duration-ms="125" status="PASS">
          <reporter-output>
          </reporter-output>
        </test-method> <!-- teardown -->
        <test-method is-config="true" signature="setup()[pri:0, instance:com.automationexcersie.testngtest.LoginTestNGTest@31190526]" started-at="2026-06-25T22:51:33 EDT" name="setup" finished-at="2026-06-25T22:51:37 EDT" duration-ms="3668" status="PASS">
          <reporter-output>
          </reporter-output>
        </test-method> <!-- setup -->
        <test-method signature="InvalidLoginTestWithInvlaidPassword()[pri:3, instance:com.automationexcersie.testngtest.LoginTestNGTest@31190526]" started-at="2026-06-25T22:51:37 EDT" name="InvalidLoginTestWithInvlaidPassword" finished-at="2026-06-25T22:51:40 EDT" duration-ms="2617" status="PASS">
          <reporter-output>
          </reporter-output>
        </test-method> <!-- InvalidLoginTestWithInvlaidPassword -->
        <test-method is-config="true" signature="teardown()[pri:0, instance:com.automationexcersie.testngtest.LoginTestNGTest@31190526]" started-at="2026-06-25T22:51:40 EDT" name="teardown" finished-at="2026-06-25T22:51:40 EDT" duration-ms="128" status="PASS">
          <reporter-output>
          </reporter-output>
        </test-method> <!-- teardown -->
      </class> <!-- com.automationexcersie.testngtest.LoginTestNGTest -->
    </test> <!-- Default test -->
  </suite> <!-- Default suite -->
</testng-results>
