<?xml version="1.0" encoding="UTF-8"?>
<testng-results ignored="0" total="3" passed="0" failed="3" skipped="0">
  <reporter-output>
  </reporter-output>
  <suite started-at="2026-06-21T10:55:57 EDT" name="Default suite" finished-at="2026-06-21T10:56:29 EDT" duration-ms="31859">
    <groups>
      <group name="cucumber">
        <method signature="AbstractTestNGCucumberTests.runScenario(io.cucumber.testng.PickleWrapper,io.cucumber.testng.FeatureWrapper)[pri:0, instance:com.automationexcersie.runners.TestRunner@1e66f1f5]" name="runScenario" class="io.cucumber.testng.AbstractTestNGCucumberTests"/>
      </group> <!-- cucumber -->
    </groups>
    <test started-at="2026-06-21T10:55:57 EDT" name="Default test" finished-at="2026-06-21T10:56:29 EDT" duration-ms="31859">
      <class name="com.automationexcersie.runners.TestRunner">
        <test-method is-config="true" signature="setUpClass(org.testng.ITestContext)[pri:0, instance:com.automationexcersie.runners.TestRunner@1e66f1f5]" started-at="2026-06-21T10:55:57 EDT" name="setUpClass" finished-at="2026-06-21T10:55:58 EDT" duration-ms="383" status="PASS">
          <params>
            <param index="0">
              <value>
                <![CDATA[org.testng.TestRunner@7132a9dc]]>
              </value>
            </param>
          </params>
          <reporter-output>
          </reporter-output>
        </test-method> <!-- setUpClass -->
        <test-method signature="runScenario(io.cucumber.testng.PickleWrapper,io.cucumber.testng.FeatureWrapper)[pri:0, instance:com.automationexcersie.runners.TestRunner@1e66f1f5]" started-at="2026-06-21T10:55:58 EDT" name="runScenario" description="Runs Cucumber Scenarios" data-provider="scenarios" finished-at="2026-06-21T10:56:06 EDT" duration-ms="8624" status="FAIL">
          <params>
            <param index="0">
              <value>
                <![CDATA["Login with valid email and password"]]>
              </value>
            </param>
            <param index="1">
              <value>
                <![CDATA["User Login"]]>
              </value>
            </param>
          </params>
          <exception class="java.lang.IllegalArgumentException">
            <message>
              <![CDATA[Input must be set]]>
            </message>
            <full-stacktrace>
              <![CDATA[java.lang.IllegalArgumentException: Input must be set
at org.openqa.selenium.internal.Require.nonNull(Require.java:60)
at org.openqa.selenium.support.ui.FluentWait.<init>(FluentWait.java:92)
at org.openqa.selenium.support.ui.WebDriverWait.<init>(WebDriverWait.java:74)
at org.openqa.selenium.support.ui.WebDriverWait.<init>(WebDriverWait.java:43)
at com.automationexcersie.utils.WaitUtils.<init>(WaitUtils.java:20)
at com.automationexcersie.stepdefinitions.LoginSteps.the_user_is_on_the_home_page(LoginSteps.java:33)
at ✽.the user is on the home page(file:///Users/parthadebnath/eclipse-workspace/MyEclipse/com.automationexcersie/src/test/resources/features/login.feature:8)
]]>
            </full-stacktrace>
          </exception> <!-- java.lang.IllegalArgumentException -->
          <reporter-output>
          </reporter-output>
        </test-method> <!-- runScenario -->
        <test-method signature="runScenario(io.cucumber.testng.PickleWrapper,io.cucumber.testng.FeatureWrapper)[pri:0, instance:com.automationexcersie.runners.TestRunner@1e66f1f5]" started-at="2026-06-21T10:56:06 EDT" name="runScenario" description="Runs Cucumber Scenarios" data-provider="scenarios" finished-at="2026-06-21T10:56:15 EDT" duration-ms="8618" status="FAIL">
          <params>
            <param index="0">
              <value>
                <![CDATA["Login with invalid password"]]>
              </value>
            </param>
            <param index="1">
              <value>
                <![CDATA["User Login"]]>
              </value>
            </param>
          </params>
          <exception class="java.lang.IllegalArgumentException">
            <message>
              <![CDATA[Input must be set]]>
            </message>
            <full-stacktrace>
              <![CDATA[java.lang.IllegalArgumentException: Input must be set
at org.openqa.selenium.internal.Require.nonNull(Require.java:60)
at org.openqa.selenium.support.ui.FluentWait.<init>(FluentWait.java:92)
at org.openqa.selenium.support.ui.WebDriverWait.<init>(WebDriverWait.java:74)
at org.openqa.selenium.support.ui.WebDriverWait.<init>(WebDriverWait.java:43)
at com.automationexcersie.utils.WaitUtils.<init>(WaitUtils.java:20)
at com.automationexcersie.stepdefinitions.LoginSteps.the_user_is_on_the_home_page(LoginSteps.java:33)
at ✽.the user is on the home page(file:///Users/parthadebnath/eclipse-workspace/MyEclipse/com.automationexcersie/src/test/resources/features/login.feature:8)
]]>
            </full-stacktrace>
          </exception> <!-- java.lang.IllegalArgumentException -->
          <reporter-output>
          </reporter-output>
        </test-method> <!-- runScenario -->
        <test-method signature="runScenario(io.cucumber.testng.PickleWrapper,io.cucumber.testng.FeatureWrapper)[pri:0, instance:com.automationexcersie.runners.TestRunner@1e66f1f5]" started-at="2026-06-21T10:56:15 EDT" name="runScenario" description="Runs Cucumber Scenarios" data-provider="scenarios" finished-at="2026-06-21T10:56:29 EDT" duration-ms="14095" status="FAIL">
          <params>
            <param index="0">
              <value>
                <![CDATA["Login with invalid email"]]>
              </value>
            </param>
            <param index="1">
              <value>
                <![CDATA["User Login"]]>
              </value>
            </param>
          </params>
          <exception class="java.lang.IllegalArgumentException">
            <message>
              <![CDATA[Input must be set]]>
            </message>
            <full-stacktrace>
              <![CDATA[java.lang.IllegalArgumentException: Input must be set
at org.openqa.selenium.internal.Require.nonNull(Require.java:60)
at org.openqa.selenium.support.ui.FluentWait.<init>(FluentWait.java:92)
at org.openqa.selenium.support.ui.WebDriverWait.<init>(WebDriverWait.java:74)
at org.openqa.selenium.support.ui.WebDriverWait.<init>(WebDriverWait.java:43)
at com.automationexcersie.utils.WaitUtils.<init>(WaitUtils.java:20)
at com.automationexcersie.stepdefinitions.LoginSteps.the_user_is_on_the_home_page(LoginSteps.java:33)
at ✽.the user is on the home page(file:///Users/parthadebnath/eclipse-workspace/MyEclipse/com.automationexcersie/src/test/resources/features/login.feature:8)
]]>
            </full-stacktrace>
          </exception> <!-- java.lang.IllegalArgumentException -->
          <reporter-output>
          </reporter-output>
        </test-method> <!-- runScenario -->
        <test-method is-config="true" signature="tearDownClass()[pri:0, instance:com.automationexcersie.runners.TestRunner@1e66f1f5]" started-at="2026-06-21T10:56:29 EDT" name="tearDownClass" finished-at="2026-06-21T10:56:29 EDT" duration-ms="90" status="PASS">
          <reporter-output>
          </reporter-output>
        </test-method> <!-- tearDownClass -->
      </class> <!-- com.automationexcersie.runners.TestRunner -->
    </test> <!-- Default test -->
  </suite> <!-- Default suite -->
</testng-results>
