<?xml version="1.0" encoding="UTF-8"?>
<!-- Generated by org.testng.reporters.JUnitReportReporter -->
<testsuite hostname="Parthas-MacBook-Air.local" failures="0" tests="3" name="com.automationexcersie.runners.TestRunner" time="46.260" errors="1" timestamp="2026-06-24T00:32:37 EDT" skipped="0">
  <testcase classname="com.automationexcersie.runners.TestRunner" name="runScenario" time="30.106">
    <error message="no such element: Unable to locate element: {&quot;method&quot;:&quot;xpath&quot;,&quot;selector&quot;:&quot;//*[text()=&#039;Partha&#039; ]&quot;}
  (Session info: chrome=149.0.7827.158)
For documentation on this error, please visit: https://www.selenium.dev/documentation/webdriver/troubleshooting/errors#no-such-element-exception
Build info: version: &#039;4.17.0&#039;, revision: &#039;e52b1be057*&#039;
System info: os.name: &#039;Mac OS X&#039;, os.arch: &#039;aarch64&#039;, os.version: &#039;14.6.1&#039;, java.version: &#039;21.0.9&#039;
Driver info: org.openqa.selenium.chrome.ChromeDriver
Command: [25f31be5648b98baec2ae28727ad41c2, findElement {value=//*[text()=&#039;Partha&#039; ], using=xpath}]
Capabilities {acceptInsecureCerts: false, browserName: chrome, browserVersion: 149.0.7827.158, chrome: {chromedriverVersion: 149.0.7827.155 (07b52360cc1..., userDataDir: /var/folders/b8/m75nql7x1rz...}, fedcm:accounts: true, goog:chromeOptions: {debuggerAddress: localhost:59796}, goog:processID: 36802, networkConnectionEnabled: false, pageLoadStrategy: normal, platformName: mac, proxy: Proxy(), se:cdp: ws://localhost:59796/devtoo..., se:cdpVersion: 149.0.7827.158, setWindowRect: true, strictFileInteractability: false, timeouts: {implicit: 0, pageLoad: 300000, script: 30000}, unhandledPromptBehavior: dismiss and notify, webauthn:extension:credBlob: true, webauthn:extension:largeBlob: true, webauthn:extension:minPinLength: true, webauthn:extension:prf: true, webauthn:virtualAuthenticators: true}
Session ID: 25f31be5648b98baec2ae28727ad41c2" type="org.openqa.selenium.NoSuchElementException">
      <![CDATA[org.openqa.selenium.NoSuchElementException: no such element: Unable to locate element: {"method":"xpath","selector":"//*[text()='Partha' ]"}
  (Session info: chrome=149.0.7827.158)
For documentation on this error, please visit: https://www.selenium.dev/documentation/webdriver/troubleshooting/errors#no-such-element-exception
Build info: version: '4.17.0', revision: 'e52b1be057*'
System info: os.name: 'Mac OS X', os.arch: 'aarch64', os.version: '14.6.1', java.version: '21.0.9'
Driver info: org.openqa.selenium.chrome.ChromeDriver
Command: [25f31be5648b98baec2ae28727ad41c2, findElement {value=//*[text()='Partha' ], using=xpath}]
Capabilities {acceptInsecureCerts: false, browserName: chrome, browserVersion: 149.0.7827.158, chrome: {chromedriverVersion: 149.0.7827.155 (07b52360cc1..., userDataDir: /var/folders/b8/m75nql7x1rz...}, fedcm:accounts: true, goog:chromeOptions: {debuggerAddress: localhost:59796}, goog:processID: 36802, networkConnectionEnabled: false, pageLoadStrategy: normal, platformName: mac, proxy: Proxy(), se:cdp: ws://localhost:59796/devtoo..., se:cdpVersion: 149.0.7827.158, setWindowRect: true, strictFileInteractability: false, timeouts: {implicit: 0, pageLoad: 300000, script: 30000}, unhandledPromptBehavior: dismiss and notify, webauthn:extension:credBlob: true, webauthn:extension:largeBlob: true, webauthn:extension:minPinLength: true, webauthn:extension:prf: true, webauthn:virtualAuthenticators: true}
Session ID: 25f31be5648b98baec2ae28727ad41c2
at java.base/jdk.internal.reflect.DirectConstructorHandleAccessor.newInstance(DirectConstructorHandleAccessor.java:62)
at java.base/java.lang.reflect.Constructor.newInstanceWithCaller(Constructor.java:502)
at java.base/java.lang.reflect.Constructor.newInstance(Constructor.java:486)
at org.openqa.selenium.remote.codec.w3c.W3CHttpResponseCodec.createException(W3CHttpResponseCodec.java:185)
at org.openqa.selenium.remote.codec.w3c.W3CHttpResponseCodec.decode(W3CHttpResponseCodec.java:134)
at org.openqa.selenium.remote.codec.w3c.W3CHttpResponseCodec.decode(W3CHttpResponseCodec.java:51)
at org.openqa.selenium.remote.HttpCommandExecutor.execute(HttpCommandExecutor.java:190)
at org.openqa.selenium.remote.service.DriverCommandExecutor.invokeExecute(DriverCommandExecutor.java:216)
at org.openqa.selenium.remote.service.DriverCommandExecutor.execute(DriverCommandExecutor.java:174)
at org.openqa.selenium.remote.RemoteWebDriver.execute(RemoteWebDriver.java:519)
at org.openqa.selenium.remote.ElementLocation$ElementFinder$2.findElement(ElementLocation.java:165)
at org.openqa.selenium.remote.ElementLocation.findElement(ElementLocation.java:59)
at org.openqa.selenium.remote.RemoteWebDriver.findElement(RemoteWebDriver.java:356)
at org.openqa.selenium.remote.RemoteWebDriver.findElement(RemoteWebDriver.java:350)
at org.openqa.selenium.support.pagefactory.DefaultElementLocator.findElement(DefaultElementLocator.java:68)
at org.openqa.selenium.support.pagefactory.internal.LocatingElementHandler.invoke(LocatingElementHandler.java:38)
at jdk.proxy2/jdk.proxy2.$Proxy40.isDisplayed(Unknown Source)
at com.automationexcersie.stepdefinitions.LoginSteps.the_user_should_be_logged_in_successfully_ans_see_the_text_should_be_visible_in_the_header(LoginSteps.java:103)
at ✽.the user should be logged in successfully ans see the "Partha" text should be visible in the header(file:///Users/parthadebnath/eclipse-workspace/MyEclipse/com.automationexcersie/src/test/resources/features/login.feature:16)
]]>
    </error>
  </testcase> <!-- runScenario -->
  <testcase classname="com.automationexcersie.runners.TestRunner" name="runScenario" time="7.893"/>
  <testcase classname="com.automationexcersie.runners.TestRunner" name="runScenario" time="8.261"/>
</testsuite> <!-- com.automationexcersie.runners.TestRunner -->
