<?xml version="1.0" encoding="UTF-8"?>
<!-- Generated by org.testng.reporters.JUnitReportReporter -->
<testsuite hostname="Parthas-MacBook-Air.local" failures="0" tests="4" name="check" time="38.129" errors="0" timestamp="2026-06-20T22:22:25 EDT" skipped="0">
  <testcase classname="check" name="ValidLoginBasic" time="12.209"/>
  <testcase classname="check" name="ValidLoginAdvance" time="8.368"/>
  <testcase classname="check" name="ValidLoginSenior" time="8.712"/>
  <testcase classname="check" name="InValidLoginintermediate" time="8.840"/>
</testsuite> <!-- check -->
