<?xml version="1.0" encoding="UTF-8"?>
<!-- Generated by org.testng.reporters.JUnitReportReporter -->
<testsuite hostname="Parthas-MacBook-Air.local" failures="0" tests="3" name="com.automationexcersie.testngtest.LoginTestNGTest" time="28.865" errors="0" timestamp="2026-06-25T22:51:40 EDT" skipped="0">
  <testcase classname="com.automationexcersie.testngtest.LoginTestNGTest" name="validLoginTest" time="6.929"/>
  <testcase classname="com.automationexcersie.testngtest.LoginTestNGTest" name="InvalidLoginTestWithInvlaidEmail" time="16.923"/>
  <testcase classname="com.automationexcersie.testngtest.LoginTestNGTest" name="InvalidLoginTestWithInvlaidPassword" time="5.013"/>
</testsuite> <!-- com.automationexcersie.testngtest.LoginTestNGTest -->
