<?xml version="1.0" encoding="UTF-8"?>
<!-- Generated by org.testng.reporters.JUnitReportReporter -->
<testsuite hostname="Parthas-MacBook-Air.local" failures="0" tests="3" name="com.automationexcersie.runners.TestRunner" time="31.337" errors="3" timestamp="2026-06-21T10:56:29 EDT" skipped="0">
  <testcase classname="com.automationexcersie.runners.TestRunner" name="runScenario" time="14.095">
    <error message="Input must be set" type="java.lang.IllegalArgumentException">
      <![CDATA[java.lang.IllegalArgumentException: Input must be set
at org.openqa.selenium.internal.Require.nonNull(Require.java:60)
at org.openqa.selenium.support.ui.FluentWait.<init>(FluentWait.java:92)
at org.openqa.selenium.support.ui.WebDriverWait.<init>(WebDriverWait.java:74)
at org.openqa.selenium.support.ui.WebDriverWait.<init>(WebDriverWait.java:43)
at com.automationexcersie.utils.WaitUtils.<init>(WaitUtils.java:20)
at com.automationexcersie.stepdefinitions.LoginSteps.the_user_is_on_the_home_page(LoginSteps.java:33)
at ✽.the user is on the home page(file:///Users/parthadebnath/eclipse-workspace/MyEclipse/com.automationexcersie/src/test/resources/features/login.feature:8)
]]>
    </error>
  </testcase> <!-- runScenario -->
  <testcase classname="com.automationexcersie.runners.TestRunner" name="runScenario" time="8.618">
    <error message="Input must be set" type="java.lang.IllegalArgumentException">
      <![CDATA[java.lang.IllegalArgumentException: Input must be set
at org.openqa.selenium.internal.Require.nonNull(Require.java:60)
at org.openqa.selenium.support.ui.FluentWait.<init>(FluentWait.java:92)
at org.openqa.selenium.support.ui.WebDriverWait.<init>(WebDriverWait.java:74)
at org.openqa.selenium.support.ui.WebDriverWait.<init>(WebDriverWait.java:43)
at com.automationexcersie.utils.WaitUtils.<init>(WaitUtils.java:20)
at com.automationexcersie.stepdefinitions.LoginSteps.the_user_is_on_the_home_page(LoginSteps.java:33)
at ✽.the user is on the home page(file:///Users/parthadebnath/eclipse-workspace/MyEclipse/com.automationexcersie/src/test/resources/features/login.feature:8)
]]>
    </error>
  </testcase> <!-- runScenario -->
  <testcase classname="com.automationexcersie.runners.TestRunner" name="runScenario" time="8.624">
    <error message="Input must be set" type="java.lang.IllegalArgumentException">
      <![CDATA[java.lang.IllegalArgumentException: Input must be set
at org.openqa.selenium.internal.Require.nonNull(Require.java:60)
at org.openqa.selenium.support.ui.FluentWait.<init>(FluentWait.java:92)
at org.openqa.selenium.support.ui.WebDriverWait.<init>(WebDriverWait.java:74)
at org.openqa.selenium.support.ui.WebDriverWait.<init>(WebDriverWait.java:43)
at com.automationexcersie.utils.WaitUtils.<init>(WaitUtils.java:20)
at com.automationexcersie.stepdefinitions.LoginSteps.the_user_is_on_the_home_page(LoginSteps.java:33)
at ✽.the user is on the home page(file:///Users/parthadebnath/eclipse-workspace/MyEclipse/com.automationexcersie/src/test/resources/features/login.feature:8)
]]>
    </error>
  </testcase> <!-- runScenario -->
</testsuite> <!-- com.automationexcersie.runners.TestRunner -->
