<?xml version="1.0" encoding="UTF-8"?>
<!-- Generated by org.testng.reporters.JUnitReportReporter -->
<testsuite hostname="Parthas-MacBook-Air.local" failures="0" tests="3" name="com.automationexcersie.runners.TestRunner" time="38.506" errors="0" timestamp="2026-06-25T22:56:29 EDT" skipped="0">
  <testcase classname="com.automationexcersie.runners.TestRunner" name="runScenario" time="9.664"/>
  <testcase classname="com.automationexcersie.runners.TestRunner" name="runScenario" time="8.765"/>
  <testcase classname="com.automationexcersie.runners.TestRunner" name="runScenario" time="20.077"/>
</testsuite> <!-- com.automationexcersie.runners.TestRunner -->
