<?xml version="1.0" encoding="UTF-8"?>
<!-- Generated by org.testng.reporters.JUnitReportReporter -->
<testsuite hostname="Parthas-MacBook-Air.local" failures="0" tests="3" name="com.automationexcersie.runners.TestRunner" time="59.823" errors="0" timestamp="2026-06-21T10:59:42 EDT" skipped="0">
  <testcase classname="com.automationexcersie.runners.TestRunner" name="runScenario" time="21.273"/>
  <testcase classname="com.automationexcersie.runners.TestRunner" name="runScenario" time="19.784"/>
  <testcase classname="com.automationexcersie.runners.TestRunner" name="runScenario" time="18.766"/>
</testsuite> <!-- com.automationexcersie.runners.TestRunner -->
